{
  error: ReferenceError: config is not defined
      at Object.<anonymous> (C:\Users\baris\Desktop\nodejs\shopapp\app.js:18:13)
      at Module._compile (node:internal/modules/cjs/loader:1254:14)
      at Module._extensions..js (node:internal/modules/cjs/loader:1308:10)
      at Module.load (node:internal/modules/cjs/loader:1117:32)
      at Module._load (node:internal/modules/cjs/loader:958:12)
      at Function.executeUserEntryPoint [as runMain] (node:internal/modules/run_main:81:12)
      at node:internal/main/run_main_module:23:47,
  level: 'error',
  message: 'uncaughtException: config is not defined\n' +
    'ReferenceError: config is not defined\n' +
    '    at Object.<anonymous> (C:\\Users\\baris\\Desktop\\nodejs\\shopapp\\app.js:18:13)\n' +
    '    at Module._compile (node:internal/modules/cjs/loader:1254:14)\n' +
    '    at Module._extensions..js (node:internal/modules/cjs/loader:1308:10)\n' +
    '    at Module.load (node:internal/modules/cjs/loader:1117:32)\n' +
    '    at Module._load (node:internal/modules/cjs/loader:958:12)\n' +
    '    at Function.executeUserEntryPoint [as runMain] (node:internal/modules/run_main:81:12)\n' +
    '    at node:internal/main/run_main_module:23:47',
  stack: 'ReferenceError: config is not defined\n' +
    '    at Object.<anonymous> (C:\\Users\\baris\\Desktop\\nodejs\\shopapp\\app.js:18:13)\n' +
    '    at Module._compile (node:internal/modules/cjs/loader:1254:14)\n' +
    '    at Module._extensions..js (node:internal/modules/cjs/loader:1308:10)\n' +
    '    at Module.load (node:internal/modules/cjs/loader:1117:32)\n' +
    '    at Module._load (node:internal/modules/cjs/loader:958:12)\n' +
    '    at Function.executeUserEntryPoint [as runMain] (node:internal/modules/run_main:81:12)\n' +
    '    at node:internal/main/run_main_module:23:47',
  exception: true,
  date: 'Fri Jul 14 2023 16:14:40 GMT+0300 (GMT+03:00)',
  process: {
    pid: 8260,
    uid: null,
    gid: null,
    cwd: 'C:\\Users\\baris\\Desktop\\nodejs\\shopapp',
    execPath: 'C:\\Program Files\\nodejs\\node.exe',
    version: 'v18.16.0',
    argv: [
      'C:\\Program Files\\nodejs\\node.exe',
      'C:\\Users\\baris\\Desktop\\nodejs\\shopapp\\app.js'
    ],
    memoryUsage: {
      rss: 89546752,
      heapTotal: 64483328,
      heapUsed: 31744904,
      external: 37244469,
      arrayBuffers: 36305691
    }
  },
  os: { loadavg: [ 0, 0, 0 ], uptime: 142781.515 },
  trace: [
    {
      column: 13,
      file: 'C:\\Users\\baris\\Desktop\\nodejs\\shopapp\\app.js',
      function: null,
      line: 18,
      method: null,
      native: false
    },
    {
      column: 14,
      file: 'node:internal/modules/cjs/loader',
      function: 'Module._compile',
      line: 1254,
      method: '_compile',
      native: false
    },
    {
      column: 10,
      file: 'node:internal/modules/cjs/loader',
      function: 'Module._extensions..js',
      line: 1308,
      method: '.js',
      native: false
    },
    {
      column: 32,
      file: 'node:internal/modules/cjs/loader',
      function: 'Module.load',
      line: 1117,
      method: 'load',
      native: false
    },
    {
      column: 12,
      file: 'node:internal/modules/cjs/loader',
      function: 'Module._load',
      line: 958,
      method: '_load',
      native: false
    },
    {
      column: 12,
      file: 'node:internal/modules/run_main',
      function: 'Function.executeUserEntryPoint [as runMain]',
      line: 81,
      method: 'executeUserEntryPoint [as runMain]',
      native: false
    },
    {
      column: 47,
      file: 'node:internal/main/run_main_module',
      function: null,
      line: 23,
      method: null,
      native: false
    }
  ],
  timestamp: 'Jul--14-23 16:14:40'
}
