{
  message: 'listing on port 3000  ',
  level: 'info',
  timestamp: 'Jul--14-23 16:15:14'
}
{
  message: 'mongo db baglantısı kuruldu',
  level: 'info',
  timestamp: 'Jul--14-23 16:15:16'
}
{
  message: 'listing on port 3000  ',
  level: 'info',
  timestamp: 'Jul--14-23 16:15:26'
}
{
  message: 'mongo db baglantısı kuruldu',
  level: 'info',
  timestamp: 'Jul--14-23 16:15:27'
}
{
  message: 'listing on port 3000  ',
  level: 'info',
  timestamp: 'Jul--14-23 16:17:04'
}
{
  message: 'mongo db baglantısı kuruldu',
  level: 'info',
  timestamp: 'Jul--14-23 16:17:06'
}
{
  message: 'listing on port 3000  ',
  level: 'info',
  timestamp: 'Jul--14-23 16:20:12'
}
{
  message: 'mongo db baglantısı kuruldu',
  level: 'info',
  timestamp: 'Jul--14-23 16:20:15'
}
{
  message: 'listing on port 3000  ',
  level: 'info',
  timestamp: 'Jul--14-23 16:25:37'
}
{
  message: 'mongo db baglantısı kuruldu',
  level: 'info',
  timestamp: 'Jul--14-23 16:25:39'
}
